<?xml version="1.0" encoding="UTF-8"?>
<!-- Generated by org.testng.reporters.JUnitReportReporter -->
<testsuite hostname="DESKTOP-L7PK2LU" failures="0" tests="1" name="exampla.TestingSelenium" time="3.039" errors="0" timestamp="30 Oct 2020 06:52:31 GMT">
  <testcase classname="exampla.TestingSelenium" name="f" time="3.039"/>
</testsuite> <!-- exampla.TestingSelenium -->
