<?xml version="1.0" encoding="UTF-8"?>
<!-- Generated by org.testng.reporters.JUnitReportReporter -->
<testsuite hostname="DESKTOP-L7PK2LU" failures="0" tests="1" name="exampla.TestingSelenium" time="0.001" errors="0" timestamp="26 Oct 2020 05:51:45 GMT">
  <testcase classname="exampla.TestingSelenium" name="f" time="0.001"/>
</testsuite> <!-- exampla.TestingSelenium -->
